Live reload server started on port: 35729
Press CTRL+C to quit ...

[0;36minfo:[0m 7 plugins are installed 
[0;36minfo:[0m loading plugin "livereload"... [0;32mOK[0m 
[0;36minfo:[0m loading plugin "highlight"... [0;32mOK[0m 
[0;36minfo:[0m loading plugin "search"... [0;32mOK[0m 
[0;36minfo:[0m loading plugin "lunr"... [0;32mOK[0m 
[0;36minfo:[0m loading plugin "sharing"... [0;32mOK[0m 
[0;36minfo:[0m loading plugin "fontsettings"... [0;32mOK[0m 
[0;36minfo:[0m loading plugin "theme-default"... [0;32mOK[0m 
[0;36minfo:[0m found 1 pages 
[0;36minfo:[0m found 1 asset files 
[0;36minfo:[0m [0;32m>> [0mgeneration finished with success in 1.5s ! 

Starting server ...
Serving book on http://localhost:8003
Live reload server started on port: 35729
Press CTRL+C to quit ...

[0;36minfo:[0m 7 plugins are installed 
[0;36minfo:[0m loading plugin "livereload"... [0;32mOK[0m 
[0;36minfo:[0m loading plugin "highlight"... [0;32mOK[0m 
[0;36minfo:[0m loading plugin "search"... [0;32mOK[0m 
[0;36minfo:[0m loading plugin "lunr"... [0;32mOK[0m 
[0;36minfo:[0m loading plugin "sharing"... [0;32mOK[0m 
[0;36minfo:[0m loading plugin "fontsettings"... [0;32mOK[0m 
[0;36minfo:[0m loading plugin "theme-default"... [0;32mOK[0m 
[0;36minfo:[0m found 1 pages 
[0;36minfo:[0m found 1 asset files 
[0;36minfo:[0m [0;32m>> [0mgeneration finished with success in 1.5s ! 

Starting server ...
Serving book on http://localhost:4000
[0;36minfo:[0m 7 plugins are installed 
[0;36minfo:[0m 6 explicitly listed 
[0;36minfo:[0m loading plugin "highlight"... [0;32mOK[0m 
[0;36minfo:[0m loading plugin "search"... [0;32mOK[0m 
[0;36minfo:[0m loading plugin "lunr"... [0;32mOK[0m 
[0;36minfo:[0m loading plugin "sharing"... [0;32mOK[0m 
[0;36minfo:[0m loading plugin "fontsettings"... [0;32mOK[0m 
[0;36minfo:[0m loading plugin "theme-default"... [0;32mOK[0m 
[0;36minfo:[0m found 1 pages 
[0;36minfo:[0m found 1 asset files 
[0;36minfo:[0m [0;32m>> [0mgeneration finished with success in 1.5s ! 

Starting server ...
Serving book on http://localhost:4000
